build/app/intermediates/manifest_merge_blame_file/release/manifest-merger-blame-release-report.txt
1<?xml version="1.0" encoding="utf-8"?>
2<manifest xmlns:android="http://schemas.android.com/apk/res/android"
3    package="com.mycompany.smssender"
4    android:versionCode="4001"
5    android:versionName="1.0.0" >
6
7    <uses-sdk
8        android:minSdkVersion="21"
8-->src/main/AndroidManifest.xml
9        android:targetSdkVersion="33" />
9-->src/main/AndroidManifest.xml
10
11    <uses-permission android:name="android.permission.INTERNET" />
11-->src/main/AndroidManifest.xml:4:5-66
11-->src/main/AndroidManifest.xml:4:22-64
12    <uses-permission android:name="android.permission.SEND_SMS" />
12-->src/main/AndroidManifest.xml:5:5-66
12-->src/main/AndroidManifest.xml:5:22-64
13    <uses-permission android:name="android.permission.RECEIVE_BOOT_COMPLETED" />
13-->[:flutter_local_notifications] AndroidManifest.xml:9:5-81
13-->[:flutter_local_notifications] AndroidManifest.xml:9:22-78
14    <uses-permission android:name="android.permission.VIBRATE" />
14-->[:flutter_local_notifications] AndroidManifest.xml:10:5-66
14-->[:flutter_local_notifications] AndroidManifest.xml:10:22-63
15    <uses-permission android:name="android.permission.USE_FULL_SCREEN_INTENT" />
15-->[:flutter_local_notifications] AndroidManifest.xml:11:5-81
15-->[:flutter_local_notifications] AndroidManifest.xml:11:22-78
16    <uses-permission android:name="android.permission.SCHEDULE_EXACT_ALARM" />
16-->[:flutter_local_notifications] AndroidManifest.xml:12:5-79
16-->[:flutter_local_notifications] AndroidManifest.xml:12:22-76
17    <uses-permission android:name="android.permission.POST_NOTIFICATIONS" />
17-->[:flutter_local_notifications] AndroidManifest.xml:13:5-77
17-->[:flutter_local_notifications] AndroidManifest.xml:13:22-74
18    <uses-permission android:name="android.permission.FOREGROUND_SERVICE" />
18-->[:flutter_background_service_android] AndroidManifest.xml:9:5-77
18-->[:flutter_background_service_android] AndroidManifest.xml:9:22-74
19    <uses-permission android:name="android.permission.WAKE_LOCK" />
19-->[:flutter_background_service_android] AndroidManifest.xml:11:5-68
19-->[:flutter_background_service_android] AndroidManifest.xml:11:22-65
20    <uses-permission android:name="android.permission.ACCESS_NETWORK_STATE" />
20-->[com.google.firebase:firebase-auth:22.0.0] AndroidManifest.xml:26:5-79
20-->[com.google.firebase:firebase-auth:22.0.0] AndroidManifest.xml:26:22-76
21
22    <application
22-->src/main/AndroidManifest.xml:7:6-61:19
23        android:appComponentFactory="androidx.core.app.CoreComponentFactory"
23-->[androidx.core:core:1.6.0] AndroidManifest.xml:24:18-86
24        android:icon="@mipmap/ic_launcher"
24-->src/main/AndroidManifest.xml:10:9-43
25        android:label="WATR SMS sender"
25-->src/main/AndroidManifest.xml:8:9-40
26        android:requestLegacyExternalStorage="true" >
26-->src/main/AndroidManifest.xml:11:9-52
27        <activity
27-->src/main/AndroidManifest.xml:13:9-51:20
28            android:name="com.mycompany.smssender.MainActivity"
28-->src/main/AndroidManifest.xml:14:13-41
29            android:configChanges="orientation|keyboardHidden|keyboard|screenSize|smallestScreenSize|locale|layoutDirection|fontScale|screenLayout|density|uiMode"
29-->src/main/AndroidManifest.xml:18:13-163
30            android:exported="true"
30-->src/main/AndroidManifest.xml:15:13-36
31            android:hardwareAccelerated="true"
31-->src/main/AndroidManifest.xml:19:13-47
32            android:launchMode="singleTop"
32-->src/main/AndroidManifest.xml:16:13-43
33            android:theme="@style/LaunchTheme"
33-->src/main/AndroidManifest.xml:17:13-47
34            android:windowSoftInputMode="adjustResize" >
34-->src/main/AndroidManifest.xml:20:13-55
35
36            <!--
37                 Specifies an Android theme to apply to this Activity as soon as
38                 the Android process has started. This theme is visible to the user
39                 while the Flutter UI initializes. After that, this theme continues
40                 to determine the Window background behind the Flutter UI.
41            -->
42            <meta-data
42-->src/main/AndroidManifest.xml:25:13-28:17
43                android:name="io.flutter.embedding.android.NormalTheme"
43-->src/main/AndroidManifest.xml:26:15-70
44                android:resource="@style/NormalTheme" />
44-->src/main/AndroidManifest.xml:27:15-52
45            <!--
46                 Displays an Android View that continues showing the launch screen
47                 Drawable until Flutter paints its first frame, then this splash
48                 screen fades out. A splash screen is useful to avoid any visual
49                 gap between the end of Android's launch screen and the painting of
50                 Flutter's first frame.
51            -->
52            <meta-data
52-->src/main/AndroidManifest.xml:34:13-37:17
53                android:name="io.flutter.embedding.android.SplashScreenDrawable"
53-->src/main/AndroidManifest.xml:35:15-79
54                android:resource="@drawable/launch_background" />
54-->src/main/AndroidManifest.xml:36:15-61
55
56            <intent-filter>
56-->src/main/AndroidManifest.xml:38:13-41:29
57                <action android:name="android.intent.action.MAIN" />
57-->src/main/AndroidManifest.xml:39:17-68
57-->src/main/AndroidManifest.xml:39:25-66
58
59                <category android:name="android.intent.category.LAUNCHER" />
59-->src/main/AndroidManifest.xml:40:17-76
59-->src/main/AndroidManifest.xml:40:27-74
60            </intent-filter>
61            <!-- Deep linking -->
62            <meta-data
62-->src/main/AndroidManifest.xml:43:13-90
63                android:name="flutter_deeplinking_enabled"
63-->src/main/AndroidManifest.xml:43:24-66
64                android:value="true" />
64-->src/main/AndroidManifest.xml:43:67-87
65
66            <intent-filter android:autoVerify="true" >
66-->src/main/AndroidManifest.xml:44:13-49:29
66-->src/main/AndroidManifest.xml:44:28-53
67                <action android:name="android.intent.action.VIEW" />
67-->src/main/AndroidManifest.xml:45:17-69
67-->src/main/AndroidManifest.xml:45:25-66
68
69                <category android:name="android.intent.category.DEFAULT" />
69-->src/main/AndroidManifest.xml:46:17-76
69-->src/main/AndroidManifest.xml:46:27-73
70                <category android:name="android.intent.category.BROWSABLE" />
70-->src/main/AndroidManifest.xml:47:17-78
70-->src/main/AndroidManifest.xml:47:27-75
71
72                <data
72-->src/main/AndroidManifest.xml:48:17-81
73                    android:host="smssender.com"
73-->src/main/AndroidManifest.xml:48:50-78
74                    android:scheme="smssender" />
74-->src/main/AndroidManifest.xml:48:23-49
75            </intent-filter>
76        </activity>
77
78        <!--
79             Don't delete the meta-data below.
80             This is used by the Flutter tool to generate GeneratedPluginRegistrant.java
81        -->
82        <meta-data
82-->src/main/AndroidManifest.xml:55:9-57:33
83            android:name="flutterEmbedding"
83-->src/main/AndroidManifest.xml:56:13-44
84            android:value="2" />
84-->src/main/AndroidManifest.xml:57:13-30
85
86        <service
86-->[:cloud_firestore] AndroidManifest.xml:10:9-14:19
87            android:name="com.google.firebase.components.ComponentDiscoveryService"
87-->[:cloud_firestore] AndroidManifest.xml:10:18-89
88            android:directBootAware="true"
88-->[com.google.firebase:firebase-common:20.3.2] AndroidManifest.xml:34:13-43
89            android:exported="false" >
89-->[com.google.firebase:firebase-auth:22.0.0] AndroidManifest.xml:68:13-37
90            <meta-data
90-->[:cloud_firestore] AndroidManifest.xml:11:13-13:85
91                android:name="com.google.firebase.components:io.flutter.plugins.firebase.firestore.FlutterFirebaseFirestoreRegistrar"
91-->[:cloud_firestore] AndroidManifest.xml:12:17-134
92                android:value="com.google.firebase.components.ComponentRegistrar" />
92-->[:cloud_firestore] AndroidManifest.xml:13:17-82
93            <meta-data
93-->[:firebase_performance] AndroidManifest.xml:13:13-15:85
94                android:name="com.google.firebase.components:io.flutter.plugins.firebase.performance.FlutterFirebaseAppRegistrar"
94-->[:firebase_performance] AndroidManifest.xml:14:17-130
95                android:value="com.google.firebase.components.ComponentRegistrar" />
95-->[:firebase_performance] AndroidManifest.xml:15:17-82
96            <meta-data
96-->[:firebase_auth] AndroidManifest.xml:11:13-13:85
97                android:name="com.google.firebase.components:io.flutter.plugins.firebase.auth.FlutterFirebaseAuthRegistrar"
97-->[:firebase_auth] AndroidManifest.xml:12:17-124
98                android:value="com.google.firebase.components.ComponentRegistrar" />
98-->[:firebase_auth] AndroidManifest.xml:13:17-82
99            <meta-data
99-->[:firebase_core] AndroidManifest.xml:11:13-13:85
100                android:name="com.google.firebase.components:io.flutter.plugins.firebase.core.FlutterFirebaseCoreRegistrar"
100-->[:firebase_core] AndroidManifest.xml:12:17-124
101                android:value="com.google.firebase.components.ComponentRegistrar" />
101-->[:firebase_core] AndroidManifest.xml:13:17-82
102            <meta-data
102-->[com.google.firebase:firebase-auth:22.0.0] AndroidManifest.xml:69:13-71:85
103                android:name="com.google.firebase.components:com.google.firebase.auth.FirebaseAuthRegistrar"
103-->[com.google.firebase:firebase-auth:22.0.0] AndroidManifest.xml:70:17-109
104                android:value="com.google.firebase.components.ComponentRegistrar" />
104-->[com.google.firebase:firebase-auth:22.0.0] AndroidManifest.xml:71:17-82
105            <meta-data
105-->[com.google.firebase:firebase-perf:20.3.2] AndroidManifest.xml:16:13-18:85
106                android:name="com.google.firebase.components:com.google.firebase.perf.FirebasePerfRegistrar"
106-->[com.google.firebase:firebase-perf:20.3.2] AndroidManifest.xml:17:17-109
107                android:value="com.google.firebase.components.ComponentRegistrar" />
107-->[com.google.firebase:firebase-perf:20.3.2] AndroidManifest.xml:18:17-82
108            <meta-data
108-->[com.google.firebase:firebase-firestore:24.6.0] AndroidManifest.xml:19:13-21:85
109                android:name="com.google.firebase.components:com.google.firebase.firestore.FirestoreRegistrar"
109-->[com.google.firebase:firebase-firestore:24.6.0] AndroidManifest.xml:20:17-111
110                android:value="com.google.firebase.components.ComponentRegistrar" />
110-->[com.google.firebase:firebase-firestore:24.6.0] AndroidManifest.xml:21:17-82
111            <meta-data
111-->[com.google.firebase:firebase-datatransport:18.1.8] AndroidManifest.xml:27:13-29:85
112                android:name="com.google.firebase.components:com.google.firebase.datatransport.TransportRegistrar"
112-->[com.google.firebase:firebase-datatransport:18.1.8] AndroidManifest.xml:28:17-115
113                android:value="com.google.firebase.components.ComponentRegistrar" />
113-->[com.google.firebase:firebase-datatransport:18.1.8] AndroidManifest.xml:29:17-82
114            <meta-data
114-->[com.google.firebase:firebase-config:21.4.0] AndroidManifest.xml:31:13-33:85
115                android:name="com.google.firebase.components:com.google.firebase.remoteconfig.RemoteConfigRegistrar"
115-->[com.google.firebase:firebase-config:21.4.0] AndroidManifest.xml:32:17-117
116                android:value="com.google.firebase.components.ComponentRegistrar" />
116-->[com.google.firebase:firebase-config:21.4.0] AndroidManifest.xml:33:17-82
117            <meta-data
117-->[com.google.firebase:firebase-installations:17.1.3] AndroidManifest.xml:17:13-19:85
118                android:name="com.google.firebase.components:com.google.firebase.installations.FirebaseInstallationsRegistrar"
118-->[com.google.firebase:firebase-installations:17.1.3] AndroidManifest.xml:18:17-127
119                android:value="com.google.firebase.components.ComponentRegistrar" />
119-->[com.google.firebase:firebase-installations:17.1.3] AndroidManifest.xml:19:17-82
120            <meta-data
120-->[com.google.firebase:firebase-abt:21.1.1] AndroidManifest.xml:12:13-14:85
121                android:name="com.google.firebase.components:com.google.firebase.abt.component.AbtRegistrar"
121-->[com.google.firebase:firebase-abt:21.1.1] AndroidManifest.xml:13:17-109
122                android:value="com.google.firebase.components.ComponentRegistrar" />
122-->[com.google.firebase:firebase-abt:21.1.1] AndroidManifest.xml:14:17-82
123        </service>
124
125        <receiver
125-->[:flutter_local_notifications] AndroidManifest.xml:16:9-18:40
126            android:name="com.dexterous.flutterlocalnotifications.ActionBroadcastReceiver"
126-->[:flutter_local_notifications] AndroidManifest.xml:17:13-91
127            android:exported="false" />
127-->[:flutter_local_notifications] AndroidManifest.xml:18:13-37
128        <receiver
128-->[:flutter_local_notifications] AndroidManifest.xml:19:9-21:40
129            android:name="com.dexterous.flutterlocalnotifications.ScheduledNotificationReceiver"
129-->[:flutter_local_notifications] AndroidManifest.xml:20:13-97
130            android:exported="false" />
130-->[:flutter_local_notifications] AndroidManifest.xml:21:13-37
131        <receiver
131-->[:flutter_local_notifications] AndroidManifest.xml:22:9-31:20
132            android:name="com.dexterous.flutterlocalnotifications.ScheduledNotificationBootReceiver"
132-->[:flutter_local_notifications] AndroidManifest.xml:23:13-101
133            android:exported="false" >
133-->[:flutter_local_notifications] AndroidManifest.xml:24:13-37
134            <intent-filter>
134-->[:flutter_local_notifications] AndroidManifest.xml:25:13-30:29
135                <action android:name="android.intent.action.BOOT_COMPLETED" />
135-->[:flutter_local_notifications] AndroidManifest.xml:26:17-79
135-->[:flutter_local_notifications] AndroidManifest.xml:26:25-76
136                <action android:name="android.intent.action.MY_PACKAGE_REPLACED" />
136-->[:flutter_local_notifications] AndroidManifest.xml:27:17-84
136-->[:flutter_local_notifications] AndroidManifest.xml:27:25-81
137                <action android:name="android.intent.action.QUICKBOOT_POWERON" />
137-->[:flutter_local_notifications] AndroidManifest.xml:28:17-82
137-->[:flutter_local_notifications] AndroidManifest.xml:28:25-79
138                <action android:name="com.htc.intent.action.QUICKBOOT_POWERON" />
138-->[:flutter_local_notifications] AndroidManifest.xml:29:17-82
138-->[:flutter_local_notifications] AndroidManifest.xml:29:25-79
139            </intent-filter>
140        </receiver>
141
142        <activity
142-->[:url_launcher_android] AndroidManifest.xml:10:9-13:74
143            android:name="io.flutter.plugins.urllauncher.WebViewActivity"
143-->[:url_launcher_android] AndroidManifest.xml:11:13-74
144            android:exported="false"
144-->[:url_launcher_android] AndroidManifest.xml:12:13-37
145            android:theme="@android:style/Theme.NoTitleBar.Fullscreen" />
145-->[:url_launcher_android] AndroidManifest.xml:13:13-71
146
147        <service
147-->[:flutter_background_service_android] AndroidManifest.xml:14:9-18:44
148            android:name="id.flutter.flutter_background_service.BackgroundService"
148-->[:flutter_background_service_android] AndroidManifest.xml:15:13-83
149            android:enabled="true"
149-->[:flutter_background_service_android] AndroidManifest.xml:16:13-35
150            android:exported="true"
150-->[:flutter_background_service_android] AndroidManifest.xml:17:13-36
151            android:stopWithTask="false" />
151-->[:flutter_background_service_android] AndroidManifest.xml:18:13-41
152
153        <receiver
153-->[:flutter_background_service_android] AndroidManifest.xml:20:9-23:39
154            android:name="id.flutter.flutter_background_service.WatchdogReceiver"
154-->[:flutter_background_service_android] AndroidManifest.xml:21:13-82
155            android:enabled="true"
155-->[:flutter_background_service_android] AndroidManifest.xml:22:13-35
156            android:exported="true" />
156-->[:flutter_background_service_android] AndroidManifest.xml:23:13-36
157        <receiver
157-->[:flutter_background_service_android] AndroidManifest.xml:24:9-32:20
158            android:name="id.flutter.flutter_background_service.BootReceiver"
158-->[:flutter_background_service_android] AndroidManifest.xml:25:13-78
159            android:enabled="true"
159-->[:flutter_background_service_android] AndroidManifest.xml:26:13-35
160            android:exported="true" >
160-->[:flutter_background_service_android] AndroidManifest.xml:27:13-36
161            <intent-filter>
161-->[:flutter_background_service_android] AndroidManifest.xml:28:13-31:29
162                <action android:name="android.intent.action.BOOT_COMPLETED" />
162-->[:flutter_local_notifications] AndroidManifest.xml:26:17-79
162-->[:flutter_local_notifications] AndroidManifest.xml:26:25-76
163                <action android:name="android.intent.action.QUICKBOOT_POWERON" />
163-->[:flutter_local_notifications] AndroidManifest.xml:28:17-82
163-->[:flutter_local_notifications] AndroidManifest.xml:28:25-79
164            </intent-filter>
165        </receiver>
166
167        <activity
167-->[com.google.firebase:firebase-auth:22.0.0] AndroidManifest.xml:29:9-46:20
168            android:name="com.google.firebase.auth.internal.GenericIdpActivity"
168-->[com.google.firebase:firebase-auth:22.0.0] AndroidManifest.xml:30:13-80
169            android:excludeFromRecents="true"
169-->[com.google.firebase:firebase-auth:22.0.0] AndroidManifest.xml:31:13-46
170            android:exported="true"
170-->[com.google.firebase:firebase-auth:22.0.0] AndroidManifest.xml:32:13-36
171            android:launchMode="singleTask"
171-->[com.google.firebase:firebase-auth:22.0.0] AndroidManifest.xml:33:13-44
172            android:theme="@android:style/Theme.Translucent.NoTitleBar" >
172-->[com.google.firebase:firebase-auth:22.0.0] AndroidManifest.xml:34:13-72
173            <intent-filter>
173-->[com.google.firebase:firebase-auth:22.0.0] AndroidManifest.xml:35:13-45:29
174                <action android:name="android.intent.action.VIEW" />
174-->src/main/AndroidManifest.xml:45:17-69
174-->src/main/AndroidManifest.xml:45:25-66
175
176                <category android:name="android.intent.category.DEFAULT" />
176-->src/main/AndroidManifest.xml:46:17-76
176-->src/main/AndroidManifest.xml:46:27-73
177                <category android:name="android.intent.category.BROWSABLE" />
177-->src/main/AndroidManifest.xml:47:17-78
177-->src/main/AndroidManifest.xml:47:27-75
178
179                <data
179-->src/main/AndroidManifest.xml:48:17-81
180                    android:host="firebase.auth"
180-->src/main/AndroidManifest.xml:48:50-78
181                    android:path="/"
182                    android:scheme="genericidp" />
182-->src/main/AndroidManifest.xml:48:23-49
183            </intent-filter>
184        </activity>
185        <activity
185-->[com.google.firebase:firebase-auth:22.0.0] AndroidManifest.xml:47:9-64:20
186            android:name="com.google.firebase.auth.internal.RecaptchaActivity"
186-->[com.google.firebase:firebase-auth:22.0.0] AndroidManifest.xml:48:13-79
187            android:excludeFromRecents="true"
187-->[com.google.firebase:firebase-auth:22.0.0] AndroidManifest.xml:49:13-46
188            android:exported="true"
188-->[com.google.firebase:firebase-auth:22.0.0] AndroidManifest.xml:50:13-36
189            android:launchMode="singleTask"
189-->[com.google.firebase:firebase-auth:22.0.0] AndroidManifest.xml:51:13-44
190            android:theme="@android:style/Theme.Translucent.NoTitleBar" >
190-->[com.google.firebase:firebase-auth:22.0.0] AndroidManifest.xml:52:13-72
191            <intent-filter>
191-->[com.google.firebase:firebase-auth:22.0.0] AndroidManifest.xml:53:13-63:29
192                <action android:name="android.intent.action.VIEW" />
192-->src/main/AndroidManifest.xml:45:17-69
192-->src/main/AndroidManifest.xml:45:25-66
193
194                <category android:name="android.intent.category.DEFAULT" />
194-->src/main/AndroidManifest.xml:46:17-76
194-->src/main/AndroidManifest.xml:46:27-73
195                <category android:name="android.intent.category.BROWSABLE" />
195-->src/main/AndroidManifest.xml:47:17-78
195-->src/main/AndroidManifest.xml:47:27-75
196
197                <data
197-->src/main/AndroidManifest.xml:48:17-81
198                    android:host="firebase.auth"
198-->src/main/AndroidManifest.xml:48:50-78
199                    android:path="/"
200                    android:scheme="recaptcha" />
200-->src/main/AndroidManifest.xml:48:23-49
201            </intent-filter>
202        </activity>
203
204        <uses-library
204-->[androidx.window:window:1.0.0-beta04] AndroidManifest.xml:25:9-27:40
205            android:name="androidx.window.extensions"
205-->[androidx.window:window:1.0.0-beta04] AndroidManifest.xml:26:13-54
206            android:required="false" />
206-->[androidx.window:window:1.0.0-beta04] AndroidManifest.xml:27:13-37
207        <uses-library
207-->[androidx.window:window:1.0.0-beta04] AndroidManifest.xml:28:9-30:40
208            android:name="androidx.window.sidecar"
208-->[androidx.window:window:1.0.0-beta04] AndroidManifest.xml:29:13-51
209            android:required="false" />
209-->[androidx.window:window:1.0.0-beta04] AndroidManifest.xml:30:13-37
210
211        <provider
211-->[com.google.firebase:firebase-common:20.3.2] AndroidManifest.xml:25:9-30:39
212            android:name="com.google.firebase.provider.FirebaseInitProvider"
212-->[com.google.firebase:firebase-common:20.3.2] AndroidManifest.xml:26:13-77
213            android:authorities="com.mycompany.smssender.firebaseinitprovider"
213-->[com.google.firebase:firebase-common:20.3.2] AndroidManifest.xml:27:13-72
214            android:directBootAware="true"
214-->[com.google.firebase:firebase-common:20.3.2] AndroidManifest.xml:28:13-43
215            android:exported="false"
215-->[com.google.firebase:firebase-common:20.3.2] AndroidManifest.xml:29:13-37
216            android:initOrder="100" />
216-->[com.google.firebase:firebase-common:20.3.2] AndroidManifest.xml:30:13-36
217
218        <activity
218-->[com.google.android.gms:play-services-auth:20.4.1] AndroidManifest.xml:23:9-27:75
219            android:name="com.google.android.gms.auth.api.signin.internal.SignInHubActivity"
219-->[com.google.android.gms:play-services-auth:20.4.1] AndroidManifest.xml:24:13-93
220            android:excludeFromRecents="true"
220-->[com.google.android.gms:play-services-auth:20.4.1] AndroidManifest.xml:25:13-46
221            android:exported="false"
221-->[com.google.android.gms:play-services-auth:20.4.1] AndroidManifest.xml:26:13-37
222            android:theme="@android:style/Theme.Translucent.NoTitleBar" />
222-->[com.google.android.gms:play-services-auth:20.4.1] AndroidManifest.xml:27:13-72
223        <!--
224            Service handling Google Sign-In user revocation. For apps that do not integrate with
225            Google Sign-In, this service will never be started.
226        -->
227        <service
227-->[com.google.android.gms:play-services-auth:20.4.1] AndroidManifest.xml:33:9-37:51
228            android:name="com.google.android.gms.auth.api.signin.RevocationBoundService"
228-->[com.google.android.gms:play-services-auth:20.4.1] AndroidManifest.xml:34:13-89
229            android:exported="true"
229-->[com.google.android.gms:play-services-auth:20.4.1] AndroidManifest.xml:35:13-36
230            android:permission="com.google.android.gms.auth.api.signin.permission.REVOCATION_NOTIFICATION"
230-->[com.google.android.gms:play-services-auth:20.4.1] AndroidManifest.xml:36:13-107
231            android:visibleToInstantApps="true" />
231-->[com.google.android.gms:play-services-auth:20.4.1] AndroidManifest.xml:37:13-48
232
233        <activity
233-->[com.google.android.gms:play-services-base:18.0.1] AndroidManifest.xml:20:9-22:45
234            android:name="com.google.android.gms.common.api.GoogleApiActivity"
234-->[com.google.android.gms:play-services-base:18.0.1] AndroidManifest.xml:20:19-85
235            android:exported="false"
235-->[com.google.android.gms:play-services-base:18.0.1] AndroidManifest.xml:22:19-43
236            android:theme="@android:style/Theme.Translucent.NoTitleBar" />
236-->[com.google.android.gms:play-services-base:18.0.1] AndroidManifest.xml:21:19-78
237
238        <meta-data
238-->[com.google.android.gms:play-services-basement:18.1.0] AndroidManifest.xml:21:9-23:69
239            android:name="com.google.android.gms.version"
239-->[com.google.android.gms:play-services-basement:18.1.0] AndroidManifest.xml:22:13-58
240            android:value="@integer/google_play_services_version" />
240-->[com.google.android.gms:play-services-basement:18.1.0] AndroidManifest.xml:23:13-66
241
242        <service
242-->[com.google.android.datatransport:transport-backend-cct:3.1.9] AndroidManifest.xml:28:9-34:19
243            android:name="com.google.android.datatransport.runtime.backends.TransportBackendDiscovery"
243-->[com.google.android.datatransport:transport-backend-cct:3.1.9] AndroidManifest.xml:29:13-103
244            android:exported="false" >
244-->[com.google.android.datatransport:transport-backend-cct:3.1.9] AndroidManifest.xml:30:13-37
245            <meta-data
245-->[com.google.android.datatransport:transport-backend-cct:3.1.9] AndroidManifest.xml:31:13-33:39
246                android:name="backend:com.google.android.datatransport.cct.CctBackendFactory"
246-->[com.google.android.datatransport:transport-backend-cct:3.1.9] AndroidManifest.xml:32:17-94
247                android:value="cct" />
247-->[com.google.android.datatransport:transport-backend-cct:3.1.9] AndroidManifest.xml:33:17-36
248        </service>
249        <service
249-->[com.google.android.datatransport:transport-runtime:3.1.9] AndroidManifest.xml:26:9-30:19
250            android:name="com.google.android.datatransport.runtime.scheduling.jobscheduling.JobInfoSchedulerService"
250-->[com.google.android.datatransport:transport-runtime:3.1.9] AndroidManifest.xml:27:13-117
251            android:exported="false"
251-->[com.google.android.datatransport:transport-runtime:3.1.9] AndroidManifest.xml:28:13-37
252            android:permission="android.permission.BIND_JOB_SERVICE" >
252-->[com.google.android.datatransport:transport-runtime:3.1.9] AndroidManifest.xml:29:13-69
253        </service>
254
255        <receiver
255-->[com.google.android.datatransport:transport-runtime:3.1.9] AndroidManifest.xml:32:9-34:40
256            android:name="com.google.android.datatransport.runtime.scheduling.jobscheduling.AlarmManagerSchedulerBroadcastReceiver"
256-->[com.google.android.datatransport:transport-runtime:3.1.9] AndroidManifest.xml:33:13-132
257            android:exported="false" />
257-->[com.google.android.datatransport:transport-runtime:3.1.9] AndroidManifest.xml:34:13-37
258
259        <provider
259-->[androidx.lifecycle:lifecycle-process:2.3.1] AndroidManifest.xml:25:9-29:43
260            android:name="androidx.lifecycle.ProcessLifecycleOwnerInitializer"
260-->[androidx.lifecycle:lifecycle-process:2.3.1] AndroidManifest.xml:26:13-79
261            android:authorities="com.mycompany.smssender.lifecycle-process"
261-->[androidx.lifecycle:lifecycle-process:2.3.1] AndroidManifest.xml:27:13-69
262            android:exported="false"
262-->[androidx.lifecycle:lifecycle-process:2.3.1] AndroidManifest.xml:28:13-37
263            android:multiprocess="true" />
263-->[androidx.lifecycle:lifecycle-process:2.3.1] AndroidManifest.xml:29:13-40
264    </application>
265
266</manifest>